2025-03-27 14:28:55.770644 - rocketbot - INFO - request: rocketbot_suite_2 : line 2 - rpascripts : module  id: 5027e07e-f95d-e18b-653d-1fa973d7906e -  - {"module_name":"ControlIni","module":"leerIni","content":"path_res = C:/Users/Ignacio/OneDrive/Documents/git-and-github/rocketbot_suite_2/rocketbot_suite_2/resources/config.ini","variable":"res"}
2025-03-27 14:31:53.892944 - rocketbot - INFO - request: rocketbot_suite_2 : line 3.2 - rpafile : savedatafile  id: 78ee3a70-034c-e76e-f336-de50479108da -  - {"file_name":"path_cust_logs = C:/Users/Ignacio/OneDrive/Documents/git-and-github/rocketbot_suite_2/rocketbot_suite_2/resources/custom_logs.txt","type":"add","new_line":true,"file_data":"Error: No se pudo leer el archivo de configuraciones"}
2025-03-27 14:31:53.895006 - Rocketbot - ERROR - EXCEPTION IN (<string> Rocketbot, L_74 ""): OSError: [Errno 22] Invalid argument: 'path_cust_logs = C:/Users/Ignacio/OneDrive/Documents/git-and-github/rocketbot_suite_2/rocketbot_suite_2/resources/custom_logs.txt'
2025-03-27 14:31:58.048609 - rocketbot - INFO - request: rocketbot_suite_2 : line 3.1 - rpafile : savedatafile  id: 793fbc3f-ff8b-a0fc-2e5d-6b3c4fb0bdc4 -  - {"file_name":"path_cust_logs = C:/Users/Ignacio/OneDrive/Documents/git-and-github/rocketbot_suite_2/rocketbot_suite_2/resources/custom_logs.txt","type":"add","new_line":true,"file_data":"Inicio Proceso: {fecha_inicio}"}
2025-03-27 14:31:58.049749 - Rocketbot - ERROR - EXCEPTION IN (<string> Rocketbot, L_74 ""): OSError: [Errno 22] Invalid argument: 'path_cust_logs = C:/Users/Ignacio/OneDrive/Documents/git-and-github/rocketbot_suite_2/rocketbot_suite_2/resources/custom_logs.txt'
2025-03-27 14:32:10.555731 - rocketbot - INFO - request: rocketbot_suite_2 : line 3.2 - rpafile : savedatafile  id: 78ee3a70-034c-e76e-f336-de50479108da -  - {"file_name":"C:/Users/Ignacio/OneDrive/Documents/git-and-github/rocketbot_suite_2/rocketbot_suite_2/resources/custom_logs.txt","type":"add","new_line":true,"file_data":"Error: No se pudo leer el archivo de configuraciones"}
2025-03-27 14:34:42.073777 - rocketbot - INFO - request: botFTP : line 1 - rpascripts : module  id: e070cfba-df9c-c097-2723-fdd9ff613f5d -  - {"module_name":"ftp_","module":"conn_ftp","server_":"ftp.dlptest.com","user_":"dlpuser","pass_":"rNrKYTX9g7z3RgJRmxWuGHbeu","var_":"conn"}
2025-03-27 14:36:08.739827 - rocketbot - INFO - request: botFTP : line 2 - rpalogic : evaluateIf  id: 654c0032-b402-3067-979c-0b0a22c672f4 -  - {conn}
2025-03-27 14:36:09.004206 - rocketbot - INFO - request: botFTP : line 2.1 - rpascripts : module  id: d82e5bbe-54c5-55aa-d3c8-786a4d2b6ceb -  - {"module_name":"ftp_","module":"list_"}
2025-03-27 14:36:32.738320 - rocketbot - INFO - request: botFTP : line 2 - rpalogic : evaluateIf  id: 654c0032-b402-3067-979c-0b0a22c672f4 -  - {conn}
2025-03-27 14:36:33.057078 - rocketbot - INFO - request: botFTP : line 2.1 - rpascripts : module  id: d82e5bbe-54c5-55aa-d3c8-786a4d2b6ceb -  - {"module_name":"ftp_","module":"list_","var_":"ftp_dir"}
2025-03-27 14:52:37.837356 - rocketbot - INFO - request: botXML : line 1 - rpascripts : module  id: 0ce7c4cc-1dae-4494-970b-a8f188ac983b -  - {"module_name":"XML","module":"xmlsession","path":"C:/Users/Ignacio/OneDrive/Documents/git-and-github/rocketbot_suite_2/rocketbot_suite_2/resources/articulos.xml","encoding":"utf-8","result":"res"}
2025-03-27 14:55:50.983626 - rocketbot - INFO - request: botXML : line 1 - rpascripts : module  id: 0ce7c4cc-1dae-4494-970b-a8f188ac983b -  - {"module_name":"XML","module":"xmlsession","path":"C:/Users/Ignacio/OneDrive/Documents/git-and-github/rocketbot_suite_2/rocketbot_suite_2/resources/articulos.xml","encoding":"utf-8","result":"res"}
2025-03-27 14:58:46.456503 - rocketbot - INFO - request: botXML : line 1 - rpascripts : module  id: 0ce7c4cc-1dae-4494-970b-a8f188ac983b -  - {"module_name":"XML","module":"xmlsession","path":"C:/Users/Ignacio/OneDrive/Documents/git-and-github/rocketbot_suite_2/rocketbot_suite_2/resources/articulos.xml","encoding":"utf-8","result":"xml_content"}
2025-03-27 15:01:00.281277 - rocketbot - INFO - request: botXML : line 2 - rpalogic : for  id: 6b1b4a9e-73eb-2221-73f2-ba4082892b30 -  - {"iterable":"{xml_content}['root']['articulos']","count":0}
2025-03-27 15:01:00.281277 - Rocketbot - ERROR - EXCEPTION IN (<string> Rocketbot, L_111 ""): KeyError: 0
2025-03-27 15:01:26.136843 - rocketbot - INFO - request: botXML : line 2 - rpalogic : for  id: 6b1b4a9e-73eb-2221-73f2-ba4082892b30 -  - {"iterable":"{xml_content}","count":0}
2025-03-27 15:01:26.138836 - Rocketbot - ERROR - EXCEPTION IN (<string> Rocketbot, L_111 ""): KeyError: 0
2025-03-27 15:01:46.497979 - rocketbot - INFO - request: botXML : line 2 - rpalogic : for  id: 6b1b4a9e-73eb-2221-73f2-ba4082892b30 -  - {"iterable":"\"{xml_content}\"['root']['articulos']","count":0}
2025-03-27 15:01:46.499357 - Rocketbot - ERROR - EXCEPTION IN (<string> Rocketbot, L_107 ""): TypeError: string indices must be integers
2025-03-27 15:03:15.310358 - rocketbot - INFO - request: botXML : line 2 - rpalogic : for  id: 6b1b4a9e-73eb-2221-73f2-ba4082892b30 -  - {"iterable":"{xml_content}","count":0}
2025-03-27 15:03:15.312670 - Rocketbot - ERROR - EXCEPTION IN (<string> Rocketbot, L_111 ""): KeyError: 0
2025-03-27 15:06:00.413252 - rocketbot - INFO - request: botXML : line 1 - rpascripts : module  id: 0ce7c4cc-1dae-4494-970b-a8f188ac983b -  - {"module_name":"XML","module":"xmlsession","path":"C:/Users/Ignacio/OneDrive/Documents/git-and-github/rocketbot_suite_2/rocketbot_suite_2/resources/articulos.xml","encoding":"utf-8","result":"xml_content"}
2025-03-27 15:09:54.186457 - rocketbot - INFO - request: botXML : line 1 - rpascripts : module  id: b4914c6d-bb96-bc10-693c-0dc51e59f239 -  - {"module_name":"readXML","module":"xml2Dict","path":"path_xml = C:/Users/Ignacio/OneDrive/Documents/git-and-github/rocketbot_suite_2/rocketbot_suite_2/resources/articulos.xml","encoding":"utf-8","result":"xml_content"}
2025-03-27 15:09:54.214671 - Rocketbot - ERROR - EXCEPTION IN (<string> Rocketbot, L_325 ""): OSError: [Errno 22] Invalid argument: 'path_xml = C:/Users/Ignacio/OneDrive/Documents/git-and-github/rocketbot_suite_2/rocketbot_suite_2/resources/articulos.xml'
2025-03-27 15:09:54.215192 - script - ERROR - EXCEPTION IN (<string> script, L_185 ""): OSError: [Errno 22] Invalid argument: 'path_xml = C:/Users/Ignacio/OneDrive/Documents/git-and-github/rocketbot_suite_2/rocketbot_suite_2/resources/articulos.xml'
2025-03-27 15:10:00.177678 - rocketbot - INFO - request: botXML : line 1 - rpascripts : module  id: b4914c6d-bb96-bc10-693c-0dc51e59f239 -  - {"module_name":"readXML","module":"xml2Dict","path":"C:/Users/Ignacio/OneDrive/Documents/git-and-github/rocketbot_suite_2/rocketbot_suite_2/resources/articulos.xml","encoding":"utf-8","result":"xml_content"}
2025-03-27 15:10:13.425267 - rocketbot - INFO - request: botXML : line 2 - rpalogic : for  id: 6b1b4a9e-73eb-2221-73f2-ba4082892b30 -  - {"iterable":"{xml_content}['root']['articulos']","count":0}
2025-03-27 15:10:13.426263 - Rocketbot - ERROR - EXCEPTION IN (<string> Rocketbot, L_111 ""): KeyError: 0
2025-03-27 15:10:29.706347 - rocketbot - INFO - request: botXML : line 2 - rpalogic : for  id: 6b1b4a9e-73eb-2221-73f2-ba4082892b30 -  - {"iterable":"{xml_content}","count":0}
2025-03-27 15:10:29.708341 - Rocketbot - ERROR - EXCEPTION IN (<string> Rocketbot, L_111 ""): KeyError: 0
2025-03-27 15:10:39.812405 - rocketbot - INFO - request: botXML : line 2 - rpalogic : for  id: 6b1b4a9e-73eb-2221-73f2-ba4082892b30 -  - {"iterable":"{xml_content}","count":0}
2025-03-27 15:10:39.812405 - Rocketbot - ERROR - EXCEPTION IN (<string> Rocketbot, L_111 ""): KeyError: 0
2025-03-27 15:11:07.490981 - rocketbot - INFO - request: botXML : line 2 - rpalogic : for  id: 6b1b4a9e-73eb-2221-73f2-ba4082892b30 -  - {"iterable":"{xml_content}['root']","count":0}
2025-03-27 15:11:07.491977 - Rocketbot - ERROR - EXCEPTION IN (<string> Rocketbot, L_111 ""): KeyError: 0
2025-03-27 15:16:15.194024 - rocketbot - INFO - request: botXML : line 2 - rpalogic : for  id: 6b1b4a9e-73eb-2221-73f2-ba4082892b30 -  - {"iterable":"{xml_content}['root']['articulos']['articulo']","count":0}
2025-03-27 15:16:15.194548 - rocketbot - INFO - For count: 1
2025-03-27 15:16:15.457954 - rocketbot - INFO - request: botXML : line 2.1 - rpadesktop : alert  id: 735f3d8d-d05e-1e20-2abb-101da24eaa20 -  - {curr_tag}
2025-03-27 15:16:37.941140 - rocketbot - INFO - request: botXML : line 2 - rpalogic : for  id: 6b1b4a9e-73eb-2221-73f2-ba4082892b30 -  - {"iterable":"{xml_content}['root']['articulos']['articulo']","count":1}
2025-03-27 15:16:37.942575 - rocketbot - INFO - For count: 2
2025-03-27 15:16:38.270246 - rocketbot - INFO - request: botXML : line 2.1 - rpadesktop : alert  id: 735f3d8d-d05e-1e20-2abb-101da24eaa20 -  - {curr_tag}
2025-03-27 15:16:39.571659 - rocketbot - INFO - request: botXML : line 2 - rpalogic : for  id: 6b1b4a9e-73eb-2221-73f2-ba4082892b30 -  - {"iterable":"{xml_content}['root']['articulos']['articulo']","count":2}
2025-03-27 15:16:39.572864 - rocketbot - INFO - For count: 3
2025-03-27 15:16:39.884141 - rocketbot - INFO - request: botXML : line 2.1 - rpadesktop : alert  id: 735f3d8d-d05e-1e20-2abb-101da24eaa20 -  - {curr_tag}
2025-03-27 15:16:40.533165 - rocketbot - INFO - request: botXML : line 2 - rpalogic : for  id: 6b1b4a9e-73eb-2221-73f2-ba4082892b30 -  - {"iterable":"{xml_content}['root']['articulos']['articulo']","count":3}
2025-03-27 15:16:40.534195 - rocketbot - INFO - For count: 4
2025-03-27 15:16:40.860187 - rocketbot - INFO - request: botXML : line 2.1 - rpadesktop : alert  id: 735f3d8d-d05e-1e20-2abb-101da24eaa20 -  - {curr_tag}
2025-03-27 15:16:41.413392 - rocketbot - INFO - request: botXML : line 2 - rpalogic : for  id: 6b1b4a9e-73eb-2221-73f2-ba4082892b30 -  - {"iterable":"{xml_content}['root']['articulos']['articulo']","count":4}
2025-03-27 15:16:41.414398 - rocketbot - INFO - For count: 5
2025-03-27 15:16:41.734814 - rocketbot - INFO - request: botXML : line 2.1 - rpadesktop : alert  id: 735f3d8d-d05e-1e20-2abb-101da24eaa20 -  - {curr_tag}
2025-03-27 15:16:42.260954 - rocketbot - INFO - request: botXML : line 2 - rpalogic : for  id: 6b1b4a9e-73eb-2221-73f2-ba4082892b30 -  - {"iterable":"{xml_content}['root']['articulos']['articulo']","count":5}
2025-03-27 15:16:42.262394 - rocketbot - INFO - For count: 5
2025-03-27 15:25:11.998694 - rocketbot - INFO - request: botXML : line 2 - rpalogic : for  id: 6b1b4a9e-73eb-2221-73f2-ba4082892b30 -  - {"iterable":"{xml_content}['root']['articulos']['articulo']","count":0}
2025-03-27 15:25:11.999775 - rocketbot - INFO - For count: 1
2025-03-27 15:25:12.317064 - rocketbot - INFO - request: botXML : line 2.1 - rpasystem : setVar  id: f65a884e-52de-ea02-96e3-b832da5c2b77 -  - [ val for val in {curr_tag}.values() ] 
2025-03-27 15:25:12.581573 - rocketbot - INFO - request: botXML : line 2 - rpalogic : for  id: 6b1b4a9e-73eb-2221-73f2-ba4082892b30 -  - {"iterable":"{xml_content}['root']['articulos']['articulo']","count":1}
2025-03-27 15:25:12.584262 - rocketbot - INFO - For count: 2
2025-03-27 15:25:12.625312 - rocketbot - INFO - request: botXML : line 2.1 - rpasystem : setVar  id: f65a884e-52de-ea02-96e3-b832da5c2b77 -  - [ val for val in {curr_tag}.values() ] 
2025-03-27 15:25:12.904350 - rocketbot - INFO - request: botXML : line 2 - rpalogic : for  id: 6b1b4a9e-73eb-2221-73f2-ba4082892b30 -  - {"iterable":"{xml_content}['root']['articulos']['articulo']","count":2}
2025-03-27 15:25:12.905207 - rocketbot - INFO - For count: 3
2025-03-27 15:25:12.950736 - rocketbot - INFO - request: botXML : line 2.1 - rpasystem : setVar  id: f65a884e-52de-ea02-96e3-b832da5c2b77 -  - [ val for val in {curr_tag}.values() ] 
2025-03-27 15:25:13.217907 - rocketbot - INFO - request: botXML : line 2 - rpalogic : for  id: 6b1b4a9e-73eb-2221-73f2-ba4082892b30 -  - {"iterable":"{xml_content}['root']['articulos']['articulo']","count":3}
2025-03-27 15:25:13.220139 - rocketbot - INFO - For count: 4
2025-03-27 15:25:13.277283 - rocketbot - INFO - request: botXML : line 2.1 - rpasystem : setVar  id: f65a884e-52de-ea02-96e3-b832da5c2b77 -  - [ val for val in {curr_tag}.values() ] 
2025-03-27 15:25:13.539151 - rocketbot - INFO - request: botXML : line 2 - rpalogic : for  id: 6b1b4a9e-73eb-2221-73f2-ba4082892b30 -  - {"iterable":"{xml_content}['root']['articulos']['articulo']","count":4}
2025-03-27 15:25:13.540163 - rocketbot - INFO - For count: 5
2025-03-27 15:25:13.599689 - rocketbot - INFO - request: botXML : line 2.1 - rpasystem : setVar  id: f65a884e-52de-ea02-96e3-b832da5c2b77 -  - [ val for val in {curr_tag}.values() ] 
2025-03-27 15:25:13.850038 - rocketbot - INFO - request: botXML : line 2 - rpalogic : for  id: 6b1b4a9e-73eb-2221-73f2-ba4082892b30 -  - {"iterable":"{xml_content}['root']['articulos']['articulo']","count":5}
2025-03-27 15:25:13.851297 - rocketbot - INFO - For count: 5
2025-03-27 16:26:42.749797 - rocketbot - INFO - request: botMySQL - line 2 - rpadb : connect  id: fa45e7aa-c5e2-1551-799c-19810ca1de32 -  - {"host":"localhost","port":3306,"database":"rocketbot_suite_2","user":"{user}","password":"{pass}"}
2025-03-27 16:31:50.955898 - rocketbot - INFO - request: botWeb : line 1 - rpaweb : openbrowser  id: e883cd02-c14c-cf99-c6a1-415819f59f59 - chrome - {"url":"{url_form}","id_driver":"","profile":""}
2025-03-27 16:31:54.155344 - rpaweb - ERROR - EXCEPTION IN (<string> rpaweb, L_417 ""): SessionNotCreatedException: Message: session not created: This version of ChromeDriver only supports Chrome version 129\nCurrent browser version is 134.0.6998.166 with binary path C:\Program Files\Google\Chrome\Application\chrome.exe\nStacktrace:\n	GetHandleVerifier [0x00F35523+24195]\n	(No symbol) [0x00ECAA04]\n	(No symbol) [0x00DC2093]\n	(No symbol) [0x00DF8C5F]\n	(No symbol) [0x00DF7D09]\n	(No symbol) [0x00DF37A6]\n	(No symbol) [0x00DEE649]\n	(No symbol) [0x00E34B95]\n	(No symbol) [0x00E3431A]\n	(No symbol) [0x00E2A8D6]\n	(No symbol) [0x00DFBA27]\n	(No symbol) [0x00DFC43D]\n	GetHandleVerifier [0x011FCE13+2938739]\n	GetHandleVerifier [0x0124EC69+3274185]\n	GetHandleVerifier [0x00FC09C2+594722]\n	GetHandleVerifier [0x00FC7EDC+624700]\n	(No symbol) [0x00ED37CD]\n	(No symbol) [0x00ED0528]\n	(No symbol) [0x00ED06C5]\n	(No symbol) [0x00EC2CA6]\n	BaseThreadInitThunk [0x74BA5D49+25]\n	RtlInitializeExceptionChain [0x7708CE3B+107]\n	RtlGetAppContainerNamedObjectPath [0x7708CDC1+561]\n
2025-03-27 16:32:23.005970 - rocketbot - INFO - request: botWeb : line 2 - rpaweb : openbrowser  id: 90a7ebc1-11fd-d1da-a8f8-9fe8ebde03e5 - chrome - {"url":"https://docs.google.com/forms/d/e/1FAIpQLSd_JotWa9QInGM1ISCxiPCDAUMfZ6SVzuuoOJt6yOCS3kLk1Q/viewform?usp=sharing","id_driver":"","profile":""}
2025-03-27 16:32:26.156168 - rpaweb - ERROR - EXCEPTION IN (<string> rpaweb, L_417 ""): SessionNotCreatedException: Message: session not created: This version of ChromeDriver only supports Chrome version 129\nCurrent browser version is 134.0.6998.166 with binary path C:\Program Files\Google\Chrome\Application\chrome.exe\nStacktrace:\n	GetHandleVerifier [0x00F35523+24195]\n	(No symbol) [0x00ECAA04]\n	(No symbol) [0x00DC2093]\n	(No symbol) [0x00DF8C5F]\n	(No symbol) [0x00DF7D09]\n	(No symbol) [0x00DF37A6]\n	(No symbol) [0x00DEE649]\n	(No symbol) [0x00E34B95]\n	(No symbol) [0x00E3431A]\n	(No symbol) [0x00E2A8D6]\n	(No symbol) [0x00DFBA27]\n	(No symbol) [0x00DFC43D]\n	GetHandleVerifier [0x011FCE13+2938739]\n	GetHandleVerifier [0x0124EC69+3274185]\n	GetHandleVerifier [0x00FC09C2+594722]\n	GetHandleVerifier [0x00FC7EDC+624700]\n	(No symbol) [0x00ED37CD]\n	(No symbol) [0x00ED0528]\n	(No symbol) [0x00ED06C5]\n	(No symbol) [0x00EC2CA6]\n	BaseThreadInitThunk [0x74BA5D49+25]\n	RtlInitializeExceptionChain [0x7708CE3B+107]\n	RtlGetAppContainerNamedObjectPath [0x7708CDC1+561]\n
2025-03-27 16:33:40.864919 - rocketbot - INFO - request: botWeb : line 2 - rpaweb : openbrowser  id: 90a7ebc1-11fd-d1da-a8f8-9fe8ebde03e5 - chrome - {"url":"https://docs.google.com/forms/d/e/1FAIpQLSd_JotWa9QInGM1ISCxiPCDAUMfZ6SVzuuoOJt6yOCS3kLk1Q/viewform","id_driver":"","profile":""}
2025-03-27 16:33:44.027597 - rpaweb - ERROR - EXCEPTION IN (<string> rpaweb, L_417 ""): SessionNotCreatedException: Message: session not created: This version of ChromeDriver only supports Chrome version 129\nCurrent browser version is 134.0.6998.166 with binary path C:\Program Files\Google\Chrome\Application\chrome.exe\nStacktrace:\n	GetHandleVerifier [0x00F35523+24195]\n	(No symbol) [0x00ECAA04]\n	(No symbol) [0x00DC2093]\n	(No symbol) [0x00DF8C5F]\n	(No symbol) [0x00DF7D09]\n	(No symbol) [0x00DF37A6]\n	(No symbol) [0x00DEE649]\n	(No symbol) [0x00E34B95]\n	(No symbol) [0x00E3431A]\n	(No symbol) [0x00E2A8D6]\n	(No symbol) [0x00DFBA27]\n	(No symbol) [0x00DFC43D]\n	GetHandleVerifier [0x011FCE13+2938739]\n	GetHandleVerifier [0x0124EC69+3274185]\n	GetHandleVerifier [0x00FC09C2+594722]\n	GetHandleVerifier [0x00FC7EDC+624700]\n	(No symbol) [0x00ED37CD]\n	(No symbol) [0x00ED0528]\n	(No symbol) [0x00ED06C5]\n	(No symbol) [0x00EC2CA6]\n	BaseThreadInitThunk [0x74BA5D49+25]\n	RtlInitializeExceptionChain [0x7708CE3B+107]\n	RtlGetAppContainerNamedObjectPath [0x7708CDC1+561]\n
2025-03-27 16:46:49.320281 - rocketbot - INFO - request: botWeb : line 2 - rpaweb : openbrowser  id: 90a7ebc1-11fd-d1da-a8f8-9fe8ebde03e5 - chrome - {"url":"https://form.jotform.com/250856119803055","id_driver":"","profile":""}
2025-03-27 16:46:52.459569 - rpaweb - ERROR - EXCEPTION IN (<string> rpaweb, L_417 ""): SessionNotCreatedException: Message: session not created: This version of ChromeDriver only supports Chrome version 129\nCurrent browser version is 134.0.6998.166 with binary path C:\Program Files\Google\Chrome\Application\chrome.exe\nStacktrace:\n	GetHandleVerifier [0x00F35523+24195]\n	(No symbol) [0x00ECAA04]\n	(No symbol) [0x00DC2093]\n	(No symbol) [0x00DF8C5F]\n	(No symbol) [0x00DF7D09]\n	(No symbol) [0x00DF37A6]\n	(No symbol) [0x00DEE649]\n	(No symbol) [0x00E34B95]\n	(No symbol) [0x00E3431A]\n	(No symbol) [0x00E2A8D6]\n	(No symbol) [0x00DFBA27]\n	(No symbol) [0x00DFC43D]\n	GetHandleVerifier [0x011FCE13+2938739]\n	GetHandleVerifier [0x0124EC69+3274185]\n	GetHandleVerifier [0x00FC09C2+594722]\n	GetHandleVerifier [0x00FC7EDC+624700]\n	(No symbol) [0x00ED37CD]\n	(No symbol) [0x00ED0528]\n	(No symbol) [0x00ED06C5]\n	(No symbol) [0x00EC2CA6]\n	BaseThreadInitThunk [0x74BA5D49+25]\n	RtlInitializeExceptionChain [0x7708CE3B+107]\n	RtlGetAppContainerNamedObjectPath [0x7708CDC1+561]\n
2025-03-27 16:47:50.494039 - rocketbot - INFO - request: botWeb : line 2 - rpascripts : module  id: 1d127f0c-0b22-3eba-0286-ea68442b65b1 -  - {"module_name":"webpro","module":"open_browser","browser":"chrome","url_":"https://form.jotform.com/250856119803055","timeout":"10"}
2025-03-27 16:47:53.883738 - Rocketbot - ERROR - EXCEPTION IN (<string> Rocketbot, L_1238 ""): SessionNotCreatedException: Message: session not created: This version of ChromeDriver only supports Chrome version 129\nCurrent browser version is 134.0.6998.166 with binary path C:\Program Files\Google\Chrome\Application\chrome.exe\nStacktrace:\n	GetHandleVerifier [0x00F35523+24195]\n	(No symbol) [0x00ECAA04]\n	(No symbol) [0x00DC2093]\n	(No symbol) [0x00DF8C5F]\n	(No symbol) [0x00DF7D09]\n	(No symbol) [0x00DF37A6]\n	(No symbol) [0x00DEE649]\n	(No symbol) [0x00E34B95]\n	(No symbol) [0x00E3431A]\n	(No symbol) [0x00E2A8D6]\n	(No symbol) [0x00DFBA27]\n	(No symbol) [0x00DFC43D]\n	GetHandleVerifier [0x011FCE13+2938739]\n	GetHandleVerifier [0x0124EC69+3274185]\n	GetHandleVerifier [0x00FC09C2+594722]\n	GetHandleVerifier [0x00FC7EDC+624700]\n	(No symbol) [0x00ED37CD]\n	(No symbol) [0x00ED0528]\n	(No symbol) [0x00ED06C5]\n	(No symbol) [0x00EC2CA6]\n	BaseThreadInitThunk [0x74BA5D49+25]\n	RtlInitializeExceptionChain [0x7708CE3B+107]\n	RtlGetAppContainerNamedObjectPath [0x7708CDC1+561]\n
2025-03-27 16:47:53.885074 - script - ERROR - EXCEPTION IN (<string> script, L_185 ""): SessionNotCreatedException: Message: session not created: This version of ChromeDriver only supports Chrome version 129\nCurrent browser version is 134.0.6998.166 with binary path C:\Program Files\Google\Chrome\Application\chrome.exe\nStacktrace:\n	GetHandleVerifier [0x00F35523+24195]\n	(No symbol) [0x00ECAA04]\n	(No symbol) [0x00DC2093]\n	(No symbol) [0x00DF8C5F]\n	(No symbol) [0x00DF7D09]\n	(No symbol) [0x00DF37A6]\n	(No symbol) [0x00DEE649]\n	(No symbol) [0x00E34B95]\n	(No symbol) [0x00E3431A]\n	(No symbol) [0x00E2A8D6]\n	(No symbol) [0x00DFBA27]\n	(No symbol) [0x00DFC43D]\n	GetHandleVerifier [0x011FCE13+2938739]\n	GetHandleVerifier [0x0124EC69+3274185]\n	GetHandleVerifier [0x00FC09C2+594722]\n	GetHandleVerifier [0x00FC7EDC+624700]\n	(No symbol) [0x00ED37CD]\n	(No symbol) [0x00ED0528]\n	(No symbol) [0x00ED06C5]\n	(No symbol) [0x00EC2CA6]\n	BaseThreadInitThunk [0x74BA5D49+25]\n	RtlInitializeExceptionChain [0x7708CE3B+107]\n	RtlGetAppContainerNamedObjectPath [0x7708CDC1+561]\n
